[07-14 23:47:17]: [INFO] Created column 'regdate' and set the current timestamp, 1752536837550, to all 0 rows
[07-14 23:47:17]: [INFO] SQLite Setup finished
[07-14 23:47:17]: [INFO] No supported permissions system found! Permissions are disabled!
[07-14 23:47:17]: [INFO] Hooked successfully into Essentials
[07-14 23:47:17]: [WARN] WARNING! The protectInventory feature requires ProtocolLib! Disabling it...
[07-14 23:47:18]: [INFO] AuthMe 5.6.0 build n.CUSTOM successfully enabled!
[07-14 23:47:20]: [INFO] Downloading GEO IP database, because the old database is older than 30 days or doesn't exist
[07-14 23:47:20]: [WARN] No MaxMind credentials found in the configuration file! GeoIp protections will be disabled.
[07-14 23:47:20]: [INFO] There is no newer GEO IP database uploaded to MaxMind. Using the old one for now.
[07-14 23:47:20]: [WARN] Could not download GeoLiteAPI database [FileNotFoundException]: plugins/AuthMe/GeoLite2-Country.mmdb (No such file or directory)
[07-14 23:47:20]: java.io.FileNotFoundException: plugins/AuthMe/GeoLite2-Country.mmdb (No such file or directory)
	at java.base/java.io.RandomAccessFile.open0(Native Method)
	at java.base/java.io.RandomAccessFile.open(RandomAccessFile.java:356)
	at java.base/java.io.RandomAccessFile.<init>(RandomAccessFile.java:273)
	at java.base/java.io.RandomAccessFile.<init>(RandomAccessFile.java:223)
	at AuthMe-5.6.0.jar//fr.xephi.authme.libs.com.maxmind.db.BufferHolder.<init>(BufferHolder.java:20)
	at AuthMe-5.6.0.jar//fr.xephi.authme.libs.com.maxmind.db.Reader.<init>(Reader.java:121)
	at AuthMe-5.6.0.jar//fr.xephi.authme.service.GeoIpService.startReading(GeoIpService.java:179)
	at AuthMe-5.6.0.jar//fr.xephi.authme.service.GeoIpService.updateDatabase(GeoIpService.java:150)
	at org.bukkit.craftbukkit.scheduler.CraftTask.run(CraftTask.java:78)
	at org.bukkit.craftbukkit.scheduler.CraftAsyncTask.run(CraftAsyncTask.java:57)
	at com.destroystokyo.paper.ServerSchedulerReportingWrapper.run(ServerSchedulerReportingWrapper.java:22)
	at java.base/java.util.concurrent.ThreadPoolExecutor.runWorker(ThreadPoolExecutor.java:1144)
	at java.base/java.util.concurrent.ThreadPoolExecutor$Worker.run(ThreadPoolExecutor.java:642)
	at java.base/java.lang.Thread.run(Thread.java:1583)

[07-14 23:48:52]: [INFO] AuthMe 5.6.0-bCUSTOM disabled!
[07-14 23:49:35]: [INFO] SQLite Setup finished
[07-14 23:49:35]: [INFO] No supported permissions system found! Permissions are disabled!
[07-14 23:49:35]: [INFO] Hooked successfully into Essentials
[07-14 23:49:35]: [WARN] WARNING! The protectInventory feature requires ProtocolLib! Disabling it...
[07-14 23:49:35]: [INFO] AuthMe 5.6.0 build n.CUSTOM successfully enabled!
[07-14 23:49:37]: [INFO] Downloading GEO IP database, because the old database is older than 30 days or doesn't exist
[07-14 23:49:37]: [WARN] No MaxMind credentials found in the configuration file! GeoIp protections will be disabled.
[07-14 23:49:37]: [INFO] There is no newer GEO IP database uploaded to MaxMind. Using the old one for now.
[07-14 23:49:37]: [WARN] Could not download GeoLiteAPI database [FileNotFoundException]: plugins/AuthMe/GeoLite2-Country.mmdb (No such file or directory)
[07-14 23:49:37]: java.io.FileNotFoundException: plugins/AuthMe/GeoLite2-Country.mmdb (No such file or directory)
	at java.base/java.io.RandomAccessFile.open0(Native Method)
	at java.base/java.io.RandomAccessFile.open(RandomAccessFile.java:356)
	at java.base/java.io.RandomAccessFile.<init>(RandomAccessFile.java:273)
	at java.base/java.io.RandomAccessFile.<init>(RandomAccessFile.java:223)
	at AuthMe-5.6.0.jar//fr.xephi.authme.libs.com.maxmind.db.BufferHolder.<init>(BufferHolder.java:20)
	at AuthMe-5.6.0.jar//fr.xephi.authme.libs.com.maxmind.db.Reader.<init>(Reader.java:121)
	at AuthMe-5.6.0.jar//fr.xephi.authme.service.GeoIpService.startReading(GeoIpService.java:179)
	at AuthMe-5.6.0.jar//fr.xephi.authme.service.GeoIpService.updateDatabase(GeoIpService.java:150)
	at org.bukkit.craftbukkit.scheduler.CraftTask.run(CraftTask.java:78)
	at org.bukkit.craftbukkit.scheduler.CraftAsyncTask.run(CraftAsyncTask.java:57)
	at com.destroystokyo.paper.ServerSchedulerReportingWrapper.run(ServerSchedulerReportingWrapper.java:22)
	at java.base/java.util.concurrent.ThreadPoolExecutor.runWorker(ThreadPoolExecutor.java:1144)
	at java.base/java.util.concurrent.ThreadPoolExecutor$Worker.run(ThreadPoolExecutor.java:642)
	at java.base/java.lang.Thread.run(Thread.java:1583)

[07-14 23:50:40]: [INFO] AuthMe 5.6.0-bCUSTOM disabled!
[07-14 23:51:42]: [INFO] SQLite Setup finished
[07-14 23:51:42]: [INFO] No supported permissions system found! Permissions are disabled!
[07-14 23:51:42]: [INFO] Hooked successfully into Essentials
[07-14 23:51:42]: [WARN] WARNING! The protectInventory feature requires ProtocolLib! Disabling it...
[07-14 23:51:42]: [INFO] AuthMe 5.6.0 build n.CUSTOM successfully enabled!
[07-14 23:51:44]: [INFO] Downloading GEO IP database, because the old database is older than 30 days or doesn't exist
[07-14 23:51:44]: [WARN] No MaxMind credentials found in the configuration file! GeoIp protections will be disabled.
[07-14 23:51:44]: [INFO] There is no newer GEO IP database uploaded to MaxMind. Using the old one for now.
[07-14 23:51:44]: [WARN] Could not download GeoLiteAPI database [FileNotFoundException]: plugins/AuthMe/GeoLite2-Country.mmdb (No such file or directory)
[07-14 23:51:44]: java.io.FileNotFoundException: plugins/AuthMe/GeoLite2-Country.mmdb (No such file or directory)
	at java.base/java.io.RandomAccessFile.open0(Native Method)
	at java.base/java.io.RandomAccessFile.open(RandomAccessFile.java:356)
	at java.base/java.io.RandomAccessFile.<init>(RandomAccessFile.java:273)
	at java.base/java.io.RandomAccessFile.<init>(RandomAccessFile.java:223)
	at AuthMe-5.6.0.jar//fr.xephi.authme.libs.com.maxmind.db.BufferHolder.<init>(BufferHolder.java:20)
	at AuthMe-5.6.0.jar//fr.xephi.authme.libs.com.maxmind.db.Reader.<init>(Reader.java:121)
	at AuthMe-5.6.0.jar//fr.xephi.authme.service.GeoIpService.startReading(GeoIpService.java:179)
	at AuthMe-5.6.0.jar//fr.xephi.authme.service.GeoIpService.updateDatabase(GeoIpService.java:150)
	at org.bukkit.craftbukkit.scheduler.CraftTask.run(CraftTask.java:78)
	at org.bukkit.craftbukkit.scheduler.CraftAsyncTask.run(CraftAsyncTask.java:57)
	at com.destroystokyo.paper.ServerSchedulerReportingWrapper.run(ServerSchedulerReportingWrapper.java:22)
	at java.base/java.util.concurrent.ThreadPoolExecutor.runWorker(ThreadPoolExecutor.java:1144)
	at java.base/java.util.concurrent.ThreadPoolExecutor$Worker.run(ThreadPoolExecutor.java:642)
	at java.base/java.lang.Thread.run(Thread.java:1583)

[07-14 23:51:55]: [INFO] AuthMe 5.6.0-bCUSTOM disabled!
[07-14 23:52:41]: [INFO] SQLite Setup finished
[07-14 23:52:41]: [INFO] No supported permissions system found! Permissions are disabled!
[07-14 23:52:41]: [INFO] Hooked successfully into Essentials
[07-14 23:52:41]: [WARN] WARNING! The protectInventory feature requires ProtocolLib! Disabling it...
[07-14 23:52:42]: [INFO] AuthMe 5.6.0 build n.CUSTOM successfully enabled!
[07-14 23:52:44]: [INFO] Downloading GEO IP database, because the old database is older than 30 days or doesn't exist
[07-14 23:52:44]: [WARN] No MaxMind credentials found in the configuration file! GeoIp protections will be disabled.
[07-14 23:52:44]: [INFO] There is no newer GEO IP database uploaded to MaxMind. Using the old one for now.
[07-14 23:52:44]: [WARN] Could not download GeoLiteAPI database [FileNotFoundException]: plugins/AuthMe/GeoLite2-Country.mmdb (No such file or directory)
[07-14 23:52:44]: java.io.FileNotFoundException: plugins/AuthMe/GeoLite2-Country.mmdb (No such file or directory)
	at java.base/java.io.RandomAccessFile.open0(Native Method)
	at java.base/java.io.RandomAccessFile.open(RandomAccessFile.java:356)
	at java.base/java.io.RandomAccessFile.<init>(RandomAccessFile.java:273)
	at java.base/java.io.RandomAccessFile.<init>(RandomAccessFile.java:223)
	at AuthMe-5.6.0.jar//fr.xephi.authme.libs.com.maxmind.db.BufferHolder.<init>(BufferHolder.java:20)
	at AuthMe-5.6.0.jar//fr.xephi.authme.libs.com.maxmind.db.Reader.<init>(Reader.java:121)
	at AuthMe-5.6.0.jar//fr.xephi.authme.service.GeoIpService.startReading(GeoIpService.java:179)
	at AuthMe-5.6.0.jar//fr.xephi.authme.service.GeoIpService.updateDatabase(GeoIpService.java:150)
	at org.bukkit.craftbukkit.scheduler.CraftTask.run(CraftTask.java:78)
	at org.bukkit.craftbukkit.scheduler.CraftAsyncTask.run(CraftAsyncTask.java:57)
	at com.destroystokyo.paper.ServerSchedulerReportingWrapper.run(ServerSchedulerReportingWrapper.java:22)
	at java.base/java.util.concurrent.ThreadPoolExecutor.runWorker(ThreadPoolExecutor.java:1144)
	at java.base/java.util.concurrent.ThreadPoolExecutor$Worker.run(ThreadPoolExecutor.java:642)
	at java.base/java.lang.Thread.run(Thread.java:1583)

[07-14 23:53:24]: [INFO] AuthMe 5.6.0-bCUSTOM disabled!
[07-14 23:54:30]: [INFO] SQLite Setup finished
[07-14 23:54:30]: [INFO] No supported permissions system found! Permissions are disabled!
[07-14 23:54:30]: [INFO] Hooked successfully into Essentials
[07-14 23:54:30]: [WARN] WARNING! The protectInventory feature requires ProtocolLib! Disabling it...
[07-14 23:54:30]: [INFO] AuthMe 5.6.0 build n.CUSTOM successfully enabled!
[07-14 23:54:32]: [INFO] Downloading GEO IP database, because the old database is older than 30 days or doesn't exist
[07-14 23:54:32]: [WARN] No MaxMind credentials found in the configuration file! GeoIp protections will be disabled.
[07-14 23:54:32]: [INFO] There is no newer GEO IP database uploaded to MaxMind. Using the old one for now.
[07-14 23:54:32]: [WARN] Could not download GeoLiteAPI database [FileNotFoundException]: plugins/AuthMe/GeoLite2-Country.mmdb (No such file or directory)
[07-14 23:54:32]: java.io.FileNotFoundException: plugins/AuthMe/GeoLite2-Country.mmdb (No such file or directory)
	at java.base/java.io.RandomAccessFile.open0(Native Method)
	at java.base/java.io.RandomAccessFile.open(RandomAccessFile.java:356)
	at java.base/java.io.RandomAccessFile.<init>(RandomAccessFile.java:273)
	at java.base/java.io.RandomAccessFile.<init>(RandomAccessFile.java:223)
	at AuthMe-5.6.0.jar//fr.xephi.authme.libs.com.maxmind.db.BufferHolder.<init>(BufferHolder.java:20)
	at AuthMe-5.6.0.jar//fr.xephi.authme.libs.com.maxmind.db.Reader.<init>(Reader.java:121)
	at AuthMe-5.6.0.jar//fr.xephi.authme.service.GeoIpService.startReading(GeoIpService.java:179)
	at AuthMe-5.6.0.jar//fr.xephi.authme.service.GeoIpService.updateDatabase(GeoIpService.java:150)
	at org.bukkit.craftbukkit.scheduler.CraftTask.run(CraftTask.java:78)
	at org.bukkit.craftbukkit.scheduler.CraftAsyncTask.run(CraftAsyncTask.java:57)
	at com.destroystokyo.paper.ServerSchedulerReportingWrapper.run(ServerSchedulerReportingWrapper.java:22)
	at java.base/java.util.concurrent.ThreadPoolExecutor.runWorker(ThreadPoolExecutor.java:1144)
	at java.base/java.util.concurrent.ThreadPoolExecutor$Worker.run(ThreadPoolExecutor.java:642)
	at java.base/java.lang.Thread.run(Thread.java:1583)

[07-14 23:54:49]: [FINE] DoggyCursed registered 127.197.36.135
[07-14 23:54:49]: [FINE] DoggyCursed logged in 127.197.36.135
[07-14 23:55:20]: [FINE] xTaku_ registered 127.186.232.238
[07-14 23:55:20]: [FINE] xTaku_ logged in 127.186.232.238
[07-14 23:56:01]: [FINE] casimerit202 registered 127.245.190.124
[07-14 23:56:01]: [FINE] casimerit202 logged in 127.245.190.124
[07-14 23:56:30]: [FINE] xTaku_ logged in 127.186.232.238
[07-14 23:57:12]: [FINE] xTaku_ logged in 127.186.232.238
[07-14 23:58:57]: [FINE] xTaku_ logged in 127.186.232.238
[07-15 00:00:28]: [FINE] xTaku_ logged in 127.186.232.238
[07-15 00:02:20]: [FINE] xTaku_ logged in 127.186.232.238
[07-15 00:02:46]: [INFO] AuthMe 5.6.0-bCUSTOM disabled!
[07-15 00:05:50]: [INFO] SQLite Setup finished
[07-15 00:05:50]: [INFO] No supported permissions system found! Permissions are disabled!
[07-15 00:05:50]: [INFO] Hooked successfully into Essentials
[07-15 00:05:50]: [WARN] WARNING! The protectInventory feature requires ProtocolLib! Disabling it...
[07-15 00:05:51]: [INFO] AuthMe 5.6.0 build n.CUSTOM successfully enabled!
[07-15 00:05:57]: [INFO] Downloading GEO IP database, because the old database is older than 30 days or doesn't exist
[07-15 00:05:57]: [WARN] No MaxMind credentials found in the configuration file! GeoIp protections will be disabled.
[07-15 00:05:57]: [INFO] There is no newer GEO IP database uploaded to MaxMind. Using the old one for now.
[07-15 00:05:57]: [WARN] Could not download GeoLiteAPI database [FileNotFoundException]: plugins/AuthMe/GeoLite2-Country.mmdb (No such file or directory)
[07-15 00:05:57]: java.io.FileNotFoundException: plugins/AuthMe/GeoLite2-Country.mmdb (No such file or directory)
	at java.base/java.io.RandomAccessFile.open0(Native Method)
	at java.base/java.io.RandomAccessFile.open(RandomAccessFile.java:356)
	at java.base/java.io.RandomAccessFile.<init>(RandomAccessFile.java:273)
	at java.base/java.io.RandomAccessFile.<init>(RandomAccessFile.java:223)
	at AuthMe-5.6.0.jar//fr.xephi.authme.libs.com.maxmind.db.BufferHolder.<init>(BufferHolder.java:20)
	at AuthMe-5.6.0.jar//fr.xephi.authme.libs.com.maxmind.db.Reader.<init>(Reader.java:121)
	at AuthMe-5.6.0.jar//fr.xephi.authme.service.GeoIpService.startReading(GeoIpService.java:179)
	at AuthMe-5.6.0.jar//fr.xephi.authme.service.GeoIpService.updateDatabase(GeoIpService.java:150)
	at org.bukkit.craftbukkit.scheduler.CraftTask.run(CraftTask.java:78)
	at org.bukkit.craftbukkit.scheduler.CraftAsyncTask.run(CraftAsyncTask.java:57)
	at com.destroystokyo.paper.ServerSchedulerReportingWrapper.run(ServerSchedulerReportingWrapper.java:22)
	at java.base/java.util.concurrent.ThreadPoolExecutor.runWorker(ThreadPoolExecutor.java:1144)
	at java.base/java.util.concurrent.ThreadPoolExecutor$Worker.run(ThreadPoolExecutor.java:642)
	at java.base/java.lang.Thread.run(Thread.java:1583)

[07-15 00:06:32]: [FINE] DroggyCursed registered 127.197.36.135
[07-15 00:06:32]: [FINE] The user DroggyCursed has 2 accounts:
[07-15 00:06:32]: [FINE] §7doggycursed, §aDroggyCursed§7.
[07-15 00:06:32]: [FINE] DroggyCursed logged in 127.197.36.135
[07-15 00:06:36]: [FINE] casimerit202 logged in 127.245.190.124
[07-15 00:09:34]: [FINE] xTaku_ used the wrong password
[07-15 00:09:40]: [FINE] xTaku_ logged in 127.186.232.238
[07-15 00:15:38]: [FINE] The user DroggyCursed has 2 accounts:
[07-15 00:15:38]: [FINE] §7doggycursed, §aDroggyCursed§7.
[07-15 00:15:38]: [FINE] DroggyCursed logged in 127.197.36.135
[07-15 00:19:07]: [FINE] xTaku_ used the wrong password
[07-15 00:19:12]: [FINE] xTaku_ logged in 127.186.232.238
[07-15 00:22:25]: [FINE] xTaku_ logged in 127.186.232.238
[07-15 00:22:30]: [INFO] AuthMe 5.6.0-bCUSTOM disabled!
[07-15 00:23:11]: [INFO] SQLite Setup finished
[07-15 00:23:11]: [INFO] No supported permissions system found! Permissions are disabled!
[07-15 00:23:11]: [INFO] Hooked successfully into Essentials
[07-15 00:23:11]: [WARN] WARNING! The protectInventory feature requires ProtocolLib! Disabling it...
[07-15 00:23:11]: [INFO] AuthMe 5.6.0 build n.CUSTOM successfully enabled!
[07-15 00:23:17]: [INFO] Downloading GEO IP database, because the old database is older than 30 days or doesn't exist
[07-15 00:23:17]: [WARN] No MaxMind credentials found in the configuration file! GeoIp protections will be disabled.
[07-15 00:23:17]: [INFO] There is no newer GEO IP database uploaded to MaxMind. Using the old one for now.
[07-15 00:23:17]: [WARN] Could not download GeoLiteAPI database [FileNotFoundException]: plugins/AuthMe/GeoLite2-Country.mmdb (No such file or directory)
[07-15 00:23:17]: java.io.FileNotFoundException: plugins/AuthMe/GeoLite2-Country.mmdb (No such file or directory)
	at java.base/java.io.RandomAccessFile.open0(Native Method)
	at java.base/java.io.RandomAccessFile.open(RandomAccessFile.java:356)
	at java.base/java.io.RandomAccessFile.<init>(RandomAccessFile.java:273)
	at java.base/java.io.RandomAccessFile.<init>(RandomAccessFile.java:223)
	at AuthMe-5.6.0.jar//fr.xephi.authme.libs.com.maxmind.db.BufferHolder.<init>(BufferHolder.java:20)
	at AuthMe-5.6.0.jar//fr.xephi.authme.libs.com.maxmind.db.Reader.<init>(Reader.java:121)
	at AuthMe-5.6.0.jar//fr.xephi.authme.service.GeoIpService.startReading(GeoIpService.java:179)
	at AuthMe-5.6.0.jar//fr.xephi.authme.service.GeoIpService.updateDatabase(GeoIpService.java:150)
	at org.bukkit.craftbukkit.scheduler.CraftTask.run(CraftTask.java:78)
	at org.bukkit.craftbukkit.scheduler.CraftAsyncTask.run(CraftAsyncTask.java:57)
	at com.destroystokyo.paper.ServerSchedulerReportingWrapper.run(ServerSchedulerReportingWrapper.java:22)
	at java.base/java.util.concurrent.ThreadPoolExecutor.runWorker(ThreadPoolExecutor.java:1144)
	at java.base/java.util.concurrent.ThreadPoolExecutor$Worker.run(ThreadPoolExecutor.java:642)
	at java.base/java.lang.Thread.run(Thread.java:1583)

[07-15 00:23:33]: [FINE] The user DroggyCursed has 2 accounts:
[07-15 00:23:33]: [FINE] §7doggycursed, §aDroggyCursed§7.
[07-15 00:23:33]: [FINE] DroggyCursed logged in 127.197.36.135
[07-15 00:23:48]: [FINE] casimerit202 logged in 127.245.190.124
[07-15 00:23:50]: [FINE] xTaku_ logged in 127.186.232.238
[07-15 00:25:18]: [FINE] The user DroggyCursed has 2 accounts:
[07-15 00:25:18]: [FINE] §7doggycursed, §aDroggyCursed§7.
[07-15 00:25:18]: [FINE] DroggyCursed logged in 127.197.36.135
[07-15 00:25:45]: [FINE] xTaku_ logged in 127.186.232.238
[07-15 00:28:04]: [FINE] xTaku_ logged in 127.186.232.238
[07-15 00:30:28]: [FINE] casimerit202 logged in 127.245.190.124
[07-15 00:34:07]: [FINE] casimerit202 logged in 127.245.190.124
[07-15 00:36:50]: [FINE] DroggyCursedd registered 127.197.36.135
[07-15 00:36:50]: [FINE] The user DroggyCursedd has 3 accounts:
[07-15 00:36:50]: [FINE] §7doggycursed, droggycursed, §aDroggyCursedd§7.
[07-15 00:36:50]: [FINE] DroggyCursedd logged in 127.197.36.135
[07-15 00:41:58]: [FINE] casimerit202 logged in 127.245.190.124
[07-15 00:42:34]: [FINE] The user DroggyCursedd has 3 accounts:
[07-15 00:42:34]: [FINE] §7doggycursed, droggycursed, §aDroggyCursedd§7.
[07-15 00:42:34]: [FINE] DroggyCursedd logged in 127.197.36.135
[07-15 00:46:04]: [FINE] xTaku_ logged in 127.186.232.238
[07-15 00:46:16]: [FINE] xTaku_ logged in 127.186.232.238
[07-15 00:47:03]: [FINE] casimerit202 logged in 127.245.190.124
[07-15 00:47:24]: [FINE] xTaku_ logged in 127.186.232.238
[07-15 00:48:34]: [FINE] xTaku_ logged in 127.186.232.238
[07-15 00:49:15]: [FINE] xTaku_ logged in 127.186.232.238
[07-15 00:49:57]: [FINE] xTaku_ logged in 127.186.232.238
[07-15 00:53:35]: [FINE] xTaku_ logged in 127.186.232.238
[07-15 00:54:52]: [FINE] xTaku_ logged in 127.186.232.238
[07-15 00:55:55]: [FINE] The user DroggyCursedd has 3 accounts:
[07-15 00:55:55]: [FINE] §7doggycursed, droggycursed, §aDroggyCursedd§7.
[07-15 00:55:55]: [FINE] DroggyCursedd logged in 127.197.36.135
[07-15 01:00:26]: [FINE] xTaku_ logged in 127.186.232.238
[07-15 01:03:28]: [FINE] xTaku_ logged in 127.186.232.238
[07-15 01:04:17]: [FINE] xTaku_ logged in 127.186.232.238
[07-15 01:04:47]: [FINE] xTaku_ logged in 127.186.232.238
[07-15 01:11:11]: [FINE] The user DroggyCursedd has 3 accounts:
[07-15 01:11:11]: [FINE] §7doggycursed, droggycursed, §aDroggyCursedd§7.
[07-15 01:11:11]: [FINE] DroggyCursedd logged in 127.197.36.135
[07-15 01:12:29]: [FINE] DroggyCursedd used the wrong password
[07-15 01:12:37]: [FINE] The user DroggyCursedd has 3 accounts:
[07-15 01:12:37]: [FINE] §7doggycursed, droggycursed, §aDroggyCursedd§7.
[07-15 01:12:37]: [FINE] DroggyCursedd logged in 127.197.36.135
[07-15 03:54:19]: [INFO] AuthMe 5.6.0-bCUSTOM disabled!
[07-15 04:08:05]: [INFO] SQLite Setup finished
[07-15 04:08:05]: [INFO] No supported permissions system found! Permissions are disabled!
[07-15 04:08:05]: [INFO] Hooked successfully into Essentials
[07-15 04:08:05]: [WARN] WARNING! The protectInventory feature requires ProtocolLib! Disabling it...
[07-15 04:08:05]: [INFO] AuthMe 5.6.0 build n.CUSTOM successfully enabled!
[07-15 04:08:11]: [INFO] Downloading GEO IP database, because the old database is older than 30 days or doesn't exist
[07-15 04:08:11]: [WARN] No MaxMind credentials found in the configuration file! GeoIp protections will be disabled.
[07-15 04:08:11]: [INFO] There is no newer GEO IP database uploaded to MaxMind. Using the old one for now.
[07-15 04:08:11]: [WARN] Could not download GeoLiteAPI database [FileNotFoundException]: plugins/AuthMe/GeoLite2-Country.mmdb (No such file or directory)
[07-15 04:08:11]: java.io.FileNotFoundException: plugins/AuthMe/GeoLite2-Country.mmdb (No such file or directory)
	at java.base/java.io.RandomAccessFile.open0(Native Method)
	at java.base/java.io.RandomAccessFile.open(RandomAccessFile.java:356)
	at java.base/java.io.RandomAccessFile.<init>(RandomAccessFile.java:273)
	at java.base/java.io.RandomAccessFile.<init>(RandomAccessFile.java:223)
	at AuthMe-5.6.0.jar//fr.xephi.authme.libs.com.maxmind.db.BufferHolder.<init>(BufferHolder.java:20)
	at AuthMe-5.6.0.jar//fr.xephi.authme.libs.com.maxmind.db.Reader.<init>(Reader.java:121)
	at AuthMe-5.6.0.jar//fr.xephi.authme.service.GeoIpService.startReading(GeoIpService.java:179)
	at AuthMe-5.6.0.jar//fr.xephi.authme.service.GeoIpService.updateDatabase(GeoIpService.java:150)
	at org.bukkit.craftbukkit.scheduler.CraftTask.run(CraftTask.java:78)
	at org.bukkit.craftbukkit.scheduler.CraftAsyncTask.run(CraftAsyncTask.java:57)
	at com.destroystokyo.paper.ServerSchedulerReportingWrapper.run(ServerSchedulerReportingWrapper.java:22)
	at java.base/java.util.concurrent.ThreadPoolExecutor.runWorker(ThreadPoolExecutor.java:1144)
	at java.base/java.util.concurrent.ThreadPoolExecutor$Worker.run(ThreadPoolExecutor.java:642)
	at java.base/java.lang.Thread.run(Thread.java:1583)

[07-15 04:08:11]: [INFO] AuthMe 5.6.0-bCUSTOM disabled!
[07-15 04:09:01]: [INFO] SQLite Setup finished
[07-15 04:09:01]: [INFO] No supported permissions system found! Permissions are disabled!
[07-15 04:09:01]: [INFO] Hooked successfully into Essentials
[07-15 04:09:01]: [WARN] WARNING! The protectInventory feature requires ProtocolLib! Disabling it...
[07-15 04:09:01]: [INFO] AuthMe 5.6.0 build n.CUSTOM successfully enabled!
[07-15 04:09:07]: [INFO] Downloading GEO IP database, because the old database is older than 30 days or doesn't exist
[07-15 04:09:07]: [WARN] No MaxMind credentials found in the configuration file! GeoIp protections will be disabled.
[07-15 04:09:07]: [INFO] There is no newer GEO IP database uploaded to MaxMind. Using the old one for now.
[07-15 04:09:07]: [WARN] Could not download GeoLiteAPI database [FileNotFoundException]: plugins/AuthMe/GeoLite2-Country.mmdb (No such file or directory)
[07-15 04:09:07]: java.io.FileNotFoundException: plugins/AuthMe/GeoLite2-Country.mmdb (No such file or directory)
	at java.base/java.io.RandomAccessFile.open0(Native Method)
	at java.base/java.io.RandomAccessFile.open(RandomAccessFile.java:356)
	at java.base/java.io.RandomAccessFile.<init>(RandomAccessFile.java:273)
	at java.base/java.io.RandomAccessFile.<init>(RandomAccessFile.java:223)
	at AuthMe-5.6.0.jar//fr.xephi.authme.libs.com.maxmind.db.BufferHolder.<init>(BufferHolder.java:20)
	at AuthMe-5.6.0.jar//fr.xephi.authme.libs.com.maxmind.db.Reader.<init>(Reader.java:121)
	at AuthMe-5.6.0.jar//fr.xephi.authme.service.GeoIpService.startReading(GeoIpService.java:179)
	at AuthMe-5.6.0.jar//fr.xephi.authme.service.GeoIpService.updateDatabase(GeoIpService.java:150)
	at org.bukkit.craftbukkit.scheduler.CraftTask.run(CraftTask.java:78)
	at org.bukkit.craftbukkit.scheduler.CraftAsyncTask.run(CraftAsyncTask.java:57)
	at com.destroystokyo.paper.ServerSchedulerReportingWrapper.run(ServerSchedulerReportingWrapper.java:22)
	at java.base/java.util.concurrent.ThreadPoolExecutor.runWorker(ThreadPoolExecutor.java:1144)
	at java.base/java.util.concurrent.ThreadPoolExecutor$Worker.run(ThreadPoolExecutor.java:642)
	at java.base/java.lang.Thread.run(Thread.java:1583)

[07-15 04:09:20]: [FINE] The user DroggyCursedd has 3 accounts:
[07-15 04:09:20]: [FINE] §7doggycursed, droggycursed, §aDroggyCursedd§7.
[07-15 04:09:20]: [FINE] DroggyCursedd logged in 127.197.36.135
[07-15 04:22:44]: [FINE] The user DroggyCursedd has 3 accounts:
[07-15 04:22:44]: [FINE] §7doggycursed, droggycursed, §aDroggyCursedd§7.
[07-15 04:22:44]: [FINE] DroggyCursedd logged in 127.197.36.135
[07-15 04:23:03]: [FINE] The user DroggyCursedd has 3 accounts:
[07-15 04:23:03]: [FINE] §7doggycursed, droggycursed, §aDroggyCursedd§7.
[07-15 04:23:03]: [FINE] DroggyCursedd logged in 127.197.36.135
[07-15 04:24:02]: [FINE] The user DroggyCursedd has 3 accounts:
[07-15 04:24:02]: [FINE] §7doggycursed, droggycursed, §aDroggyCursedd§7.
[07-15 04:24:02]: [FINE] DroggyCursedd logged in 127.197.36.135
[07-15 04:29:49]: [FINE] The user DroggyCursedd has 3 accounts:
[07-15 04:29:49]: [FINE] §7doggycursed, droggycursed, §aDroggyCursedd§7.
[07-15 04:29:49]: [FINE] DroggyCursedd logged in 127.197.36.135
[07-15 04:31:43]: [FINE] DroggyCursedd used the wrong password
[07-15 04:31:49]: [FINE] The user DroggyCursedd has 3 accounts:
[07-15 04:31:49]: [FINE] §7doggycursed, droggycursed, §aDroggyCursedd§7.
[07-15 04:31:49]: [FINE] DroggyCursedd logged in 127.197.36.135
[07-15 04:47:11]: [FINE] The user DroggyCursedd has 3 accounts:
[07-15 04:47:11]: [FINE] §7doggycursed, droggycursed, §aDroggyCursedd§7.
[07-15 04:47:11]: [FINE] DroggyCursedd logged in 127.197.36.135
[07-15 04:49:46]: [INFO] AuthMe 5.6.0-bCUSTOM disabled!
[07-15 04:50:39]: [INFO] SQLite Setup finished
[07-15 04:50:39]: [INFO] No supported permissions system found! Permissions are disabled!
[07-15 04:50:39]: [INFO] Hooked successfully into Essentials
[07-15 04:50:39]: [WARN] WARNING! The protectInventory feature requires ProtocolLib! Disabling it...
[07-15 04:50:39]: [INFO] AuthMe 5.6.0 build n.CUSTOM successfully enabled!
[07-15 04:50:45]: [INFO] Downloading GEO IP database, because the old database is older than 30 days or doesn't exist
[07-15 04:50:45]: [WARN] No MaxMind credentials found in the configuration file! GeoIp protections will be disabled.
[07-15 04:50:45]: [INFO] There is no newer GEO IP database uploaded to MaxMind. Using the old one for now.
[07-15 04:50:45]: [WARN] Could not download GeoLiteAPI database [FileNotFoundException]: plugins/AuthMe/GeoLite2-Country.mmdb (No such file or directory)
[07-15 04:50:45]: java.io.FileNotFoundException: plugins/AuthMe/GeoLite2-Country.mmdb (No such file or directory)
	at java.base/java.io.RandomAccessFile.open0(Native Method)
	at java.base/java.io.RandomAccessFile.open(RandomAccessFile.java:356)
	at java.base/java.io.RandomAccessFile.<init>(RandomAccessFile.java:273)
	at java.base/java.io.RandomAccessFile.<init>(RandomAccessFile.java:223)
	at AuthMe-5.6.0.jar//fr.xephi.authme.libs.com.maxmind.db.BufferHolder.<init>(BufferHolder.java:20)
	at AuthMe-5.6.0.jar//fr.xephi.authme.libs.com.maxmind.db.Reader.<init>(Reader.java:121)
	at AuthMe-5.6.0.jar//fr.xephi.authme.service.GeoIpService.startReading(GeoIpService.java:179)
	at AuthMe-5.6.0.jar//fr.xephi.authme.service.GeoIpService.updateDatabase(GeoIpService.java:150)
	at org.bukkit.craftbukkit.scheduler.CraftTask.run(CraftTask.java:78)
	at org.bukkit.craftbukkit.scheduler.CraftAsyncTask.run(CraftAsyncTask.java:57)
	at com.destroystokyo.paper.ServerSchedulerReportingWrapper.run(ServerSchedulerReportingWrapper.java:22)
	at java.base/java.util.concurrent.ThreadPoolExecutor.runWorker(ThreadPoolExecutor.java:1144)
	at java.base/java.util.concurrent.ThreadPoolExecutor$Worker.run(ThreadPoolExecutor.java:642)
	at java.base/java.lang.Thread.run(Thread.java:1583)

[07-15 04:50:52]: [FINE] The user DroggyCursedd has 3 accounts:
[07-15 04:50:52]: [FINE] §7doggycursed, droggycursed, §aDroggyCursedd§7.
[07-15 04:50:52]: [FINE] DroggyCursedd logged in 127.197.36.135
[07-15 04:54:48]: [FINE] The user DroggyCursedd has 3 accounts:
[07-15 04:54:48]: [FINE] §7doggycursed, droggycursed, §aDroggyCursedd§7.
[07-15 04:54:48]: [FINE] DroggyCursedd logged in 127.197.36.135
[07-15 05:09:09]: [FINE] 66kq registered 127.253.70.45
[07-15 05:09:09]: [FINE] 66kq logged in 127.253.70.45
[07-15 05:11:48]: [FINE] 66kq logged in 127.253.70.45
[07-15 05:16:05]: [INFO] AuthMe 5.6.0-bCUSTOM disabled!
[07-15 05:18:00]: [INFO] SQLite Setup finished
[07-15 05:18:01]: [INFO] No supported permissions system found! Permissions are disabled!
[07-15 05:18:01]: [INFO] Hooked successfully into Essentials
[07-15 05:18:01]: [WARN] WARNING! The protectInventory feature requires ProtocolLib! Disabling it...
[07-15 05:18:01]: [INFO] AuthMe 5.6.0 build n.CUSTOM successfully enabled!
[07-15 05:18:06]: [INFO] Downloading GEO IP database, because the old database is older than 30 days or doesn't exist
[07-15 05:18:06]: [WARN] No MaxMind credentials found in the configuration file! GeoIp protections will be disabled.
[07-15 05:18:06]: [INFO] There is no newer GEO IP database uploaded to MaxMind. Using the old one for now.
[07-15 05:18:06]: [WARN] Could not download GeoLiteAPI database [FileNotFoundException]: plugins/AuthMe/GeoLite2-Country.mmdb (No such file or directory)
[07-15 05:18:06]: java.io.FileNotFoundException: plugins/AuthMe/GeoLite2-Country.mmdb (No such file or directory)
	at java.base/java.io.RandomAccessFile.open0(Native Method)
	at java.base/java.io.RandomAccessFile.open(RandomAccessFile.java:356)
	at java.base/java.io.RandomAccessFile.<init>(RandomAccessFile.java:273)
	at java.base/java.io.RandomAccessFile.<init>(RandomAccessFile.java:223)
	at AuthMe-5.6.0.jar//fr.xephi.authme.libs.com.maxmind.db.BufferHolder.<init>(BufferHolder.java:20)
	at AuthMe-5.6.0.jar//fr.xephi.authme.libs.com.maxmind.db.Reader.<init>(Reader.java:121)
	at AuthMe-5.6.0.jar//fr.xephi.authme.service.GeoIpService.startReading(GeoIpService.java:179)
	at AuthMe-5.6.0.jar//fr.xephi.authme.service.GeoIpService.updateDatabase(GeoIpService.java:150)
	at org.bukkit.craftbukkit.scheduler.CraftTask.run(CraftTask.java:78)
	at org.bukkit.craftbukkit.scheduler.CraftAsyncTask.run(CraftAsyncTask.java:57)
	at com.destroystokyo.paper.ServerSchedulerReportingWrapper.run(ServerSchedulerReportingWrapper.java:22)
	at java.base/java.util.concurrent.ThreadPoolExecutor.runWorker(ThreadPoolExecutor.java:1144)
	at java.base/java.util.concurrent.ThreadPoolExecutor$Worker.run(ThreadPoolExecutor.java:642)
	at java.base/java.lang.Thread.run(Thread.java:1583)

[07-15 05:18:12]: [FINE] The user DroggyCursedd has 3 accounts:
[07-15 05:18:12]: [FINE] §7doggycursed, droggycursed, §aDroggyCursedd§7.
[07-15 05:18:12]: [FINE] DroggyCursedd logged in 127.197.36.135
[07-15 05:18:21]: [FINE] 66kq logged in 127.253.70.45
